[master (root-commit) aaf5a83] Commit Shell
 8 files changed, 697 insertions(+)
 create mode 100755 cat_grep.cc
 create mode 100755 command.cc
 create mode 100755 command.h
 create mode 100755 ctrl-c.cc
 create mode 100755 regular.cc
 create mode 100755 shell.l
 create mode 100755 shell.y
 create mode 100644 y.tab.h
[master a8b229c] Commit Shell
 1 file changed, 29 insertions(+), 10 deletions(-)
[master 2959cff] Commit Shell
 1 file changed, 5 insertions(+), 1 deletion(-)
[master 32202c9] Commit Shell
 1 file changed, 5 insertions(+), 5 deletions(-)
[master c0e0ce3] Commit Shell
 1 file changed, 13 insertions(+), 7 deletions(-)
[master (root-commit) a5bff4a] Commit Shell
 7 files changed, 629 insertions(+)
 create mode 100755 cat_grep.cc
 create mode 100755 command.cc
 create mode 100755 command.h
 create mode 100755 ctrl-c.cc
 create mode 100755 regular.cc
 create mode 100755 shell.l
 create mode 100755 shell.y
[master 5c5e678] Commit Shell
 1 file changed, 96 insertions(+)
 create mode 100644 y.tab.h
On branch master
Untracked files:
	.hello
	.local.git.out
	Makefile
	cat_grep
	command.o
	ctrl-c
	lex.yy.c
	lex.yy.o
	regular
	shell
	test-shell/
	y.tab.c
	y.tab.o

nothing added to commit but untracked files present
On branch master
Untracked files:
	.hello
	.local.git.out
	Makefile
	cat_grep
	command.o
	ctrl-c
	lex.yy.c
	lex.yy.o
	regular
	shell
	test-shell/
	y.tab.c
	y.tab.o

nothing added to commit but untracked files present
On branch master
Untracked files:
	.hello
	.local.git.out
	Makefile
	cat_grep
	command.o
	ctrl-c
	lex.yy.c
	lex.yy.o
	regular
	shell
	test-shell/
	y.tab.c
	y.tab.o

nothing added to commit but untracked files present
On branch master
Untracked files:
	.hello
	.local.git.out
	Makefile
	cat_grep
	command.o
	ctrl-c
	lex.yy.c
	lex.yy.o
	regular
	shell
	test-shell/
	y.tab.c
	y.tab.o

nothing added to commit but untracked files present
On branch master
Untracked files:
	.hello
	.local.git.out
	Makefile
	cat_grep
	command.o
	ctrl-c
	lex.yy.c
	lex.yy.o
	regular
	shell
	test-shell/
	y.tab.c
	y.tab.o

nothing added to commit but untracked files present
[master e587324] Commit Shell
 1 file changed, 96 deletions(-)
 delete mode 100644 y.tab.h
On branch master
Untracked files:
	.hello
	.local.git.out
	Makefile
	test-shell/

nothing added to commit but untracked files present
[master bb9445c] Commit Shell
 1 file changed, 96 insertions(+)
 create mode 100644 y.tab.h
On branch master
Untracked files:
	.hello
	.local.git.out
	Makefile
	cat_grep
	command.o
	ctrl-c
	lex.yy.c
	lex.yy.o
	regular
	shell
	test-shell/
	y.tab.c
	y.tab.o

nothing added to commit but untracked files present
[master (root-commit) 002830c] Commit Shell
 6 files changed, 590 insertions(+)
 create mode 100755 cat_grep.cc
 create mode 100755 command.cc
 create mode 100755 ctrl-c.cc
 create mode 100755 regular.cc
 create mode 100755 shell.l
 create mode 100755 shell.y
On branch master
Untracked files:
	.hello
	.local.git.out
	Makefile
	cat_grep
	command.h
	command.o
	ctrl-c
	lex.yy.c
	lex.yy.o
	regular
	shell
	test-shell/
	y.tab.c
	y.tab.h
	y.tab.o

nothing added to commit but untracked files present
On branch master
Untracked files:
	.hello
	.local.git.out
	Makefile
	cat_grep
	command.h
	command.o
	ctrl-c
	lex.yy.c
	lex.yy.o
	regular
	shell
	test-shell/
	y.tab.c
	y.tab.h
	y.tab.o

nothing added to commit but untracked files present
[master b83233a] Commit Shell
 1 file changed, 42 insertions(+)
 create mode 100755 Makefile
On branch master
Untracked files:
	.hello
	.local.git.out
	cat_grep
	command.h
	command.o
	ctrl-c
	lex.yy.c
	lex.yy.o
	regular
	shell
	test-shell/
	y.tab.c
	y.tab.h
	y.tab.o

nothing added to commit but untracked files present
[master 3e51aae] Commit Shell
 1 file changed, 1 insertion(+), 1 deletion(-)
On branch master
Untracked files:
	.hello
	.local.git.out
	cat_grep
	command.h
	command.o
	ctrl-c
	lex.yy.c
	lex.yy.o
	regular
	shell
	test-shell/
	y.tab.c
	y.tab.h
	y.tab.o

nothing added to commit but untracked files present
On branch master
Untracked files:
	.Makefile.swp
	.hello
	.local.git.out
	command.h
	test-shell/

nothing added to commit but untracked files present
[master bea55b8] ""
 1 file changed, 1 insertion(+), 1 deletion(-)
[master 3cb9c7d] ""
 1 file changed, 1 insertion(+), 1 deletion(-)
[master 0bd3766] Total:                   3   of 100
 1 file changed, 1 insertion(+), 1 deletion(-)
[master (root-commit) 4eddc26] Total:                   3   of 100
 7 files changed, 632 insertions(+)
 create mode 100755 Makefile
 create mode 100755 cat_grep.cc
 create mode 100755 command.cc
 create mode 100755 ctrl-c.cc
 create mode 100755 regular.cc
 create mode 100755 shell.l
 create mode 100755 shell.y
[master 76167bf] Commit
 1 file changed, 3 insertions(+), 2 deletions(-)
[master ae91eaf] Commit
 3 files changed, 137 insertions(+), 2 deletions(-)
 create mode 100755 command.h
 create mode 100644 y.tab.h
On branch master
Untracked files:
	.hello
	.local.git.out
	cat_grep
	command.o
	ctrl-c
	lex.yy.c
	lex.yy.o
	regular
	shell
	test-shell/
	y.tab.c
	y.tab.o

nothing added to commit but untracked files present
[master 3a12f8a] Commit
 1 file changed, 96 deletions(-)
 delete mode 100644 y.tab.h
[master dd015da] Commit
 3 files changed, 85 insertions(+), 1 deletion(-)
 create mode 100644 test-shell/testall.out
 create mode 100644 y.tab.h
[master 084eb77] Commit
 1 file changed, 83 deletions(-)
 delete mode 100644 y.tab.h
[master 2b496cc] Commit
 53 files changed, 1258 insertions(+)
 create mode 100755 test-shell/README
 create mode 100755 test-shell/bgfile
 create mode 100644 test-shell/csh-in
 create mode 100644 test-shell/csh-out
 create mode 100644 test-shell/err2
 create mode 100755 test-shell/file-list
 create mode 100755 test-shell/file1.cc
 create mode 100755 test-shell/out
 create mode 100644 test-shell/shell-in
 create mode 100644 test-shell/shell-out
 create mode 100755 test-shell/test1
 create mode 100755 test-shell/test10
 create mode 100755 test-shell/test102
 create mode 100755 test-shell/test103
 create mode 100755 test-shell/test104
 create mode 100755 test-shell/test105
 create mode 100755 test-shell/test106
 create mode 100755 test-shell/test107
 create mode 100755 test-shell/test108
 create mode 100755 test-shell/test109
 create mode 100755 test-shell/test11
 create mode 100755 test-shell/test110
 create mode 100755 test-shell/test111
 create mode 100755 test-shell/test112
 create mode 100755 test-shell/test112-2
 create mode 100755 test-shell/test113
 create mode 100755 test-shell/test114
 create mode 100755 test-shell/test115
 create mode 100755 test-shell/test116
 create mode 100755 test-shell/test12
 create mode 100755 test-shell/test13
 create mode 100755 test-shell/test14
 create mode 100755 test-shell/test15
 create mode 100755 test-shell/test16
 create mode 100755 test-shell/test17
 create mode 100755 test-shell/test18
 create mode 100755 test-shell/test2
 create mode 100755 test-shell/test201
 create mode 100755 test-shell/test202
 create mode 100755 test-shell/test203
 create mode 100755 test-shell/test204
 create mode 100755 test-shell/test3
 create mode 100755 test-shell/test3-2
 create mode 100755 test-shell/test3-3
 create mode 100755 test-shell/test4
 create mode 100755 test-shell/test5
 create mode 100755 test-shell/test6
 create mode 100755 test-shell/test7
 create mode 100755 test-shell/test8
 create mode 100755 test-shell/test9
 create mode 100755 test-shell/testall
 create mode 100644 y.tab.h
[master ce4a876] Commit
 2 files changed, 1 insertion(+), 84 deletions(-)
 delete mode 100644 y.tab.h
[master (root-commit) d252267] Commit
 64 files changed, 1861 insertions(+)
 create mode 100755 Makefile
 create mode 100755 cat_grep.cc
 create mode 100755 command.cc
 create mode 100755 command.h
 create mode 100755 ctrl-c.cc
 create mode 100755 regular.cc
 create mode 100755 shell.l
 create mode 100755 shell.y
 create mode 100755 test-shell/README
 create mode 100755 test-shell/bgfile
 create mode 100644 test-shell/csh-in
 create mode 100644 test-shell/csh-out
 create mode 100644 test-shell/err2
 create mode 100755 test-shell/file-list
 create mode 100755 test-shell/file1.cc
 create mode 100755 test-shell/files/aaa
 create mode 100755 test-shell/files/aaaa
 create mode 100755 test-shell/files/bbb
 create mode 100755 test-shell/files/ccc
 create mode 100755 test-shell/out
 create mode 100644 test-shell/shell-in
 create mode 100644 test-shell/shell-out
 create mode 100755 test-shell/test1
 create mode 100755 test-shell/test10
 create mode 100755 test-shell/test102
 create mode 100755 test-shell/test103
 create mode 100755 test-shell/test104
 create mode 100755 test-shell/test105
 create mode 100755 test-shell/test106
 create mode 100755 test-shell/test107
 create mode 100755 test-shell/test108
 create mode 100755 test-shell/test109
 create mode 100755 test-shell/test11
 create mode 100755 test-shell/test110
 create mode 100755 test-shell/test111
 create mode 100755 test-shell/test112
 create mode 100755 test-shell/test112-2
 create mode 100755 test-shell/test113
 create mode 100755 test-shell/test114
 create mode 100755 test-shell/test115
 create mode 100755 test-shell/test116
 create mode 100755 test-shell/test12
 create mode 100755 test-shell/test13
 create mode 100755 test-shell/test14
 create mode 100755 test-shell/test15
 create mode 100755 test-shell/test16
 create mode 100755 test-shell/test17
 create mode 100755 test-shell/test18
 create mode 100755 test-shell/test2
 create mode 100755 test-shell/test201
 create mode 100755 test-shell/test202
 create mode 100755 test-shell/test203
 create mode 100755 test-shell/test204
 create mode 100755 test-shell/test3
 create mode 100755 test-shell/test3-2
 create mode 100755 test-shell/test3-3
 create mode 100755 test-shell/test4
 create mode 100755 test-shell/test5
 create mode 100755 test-shell/test6
 create mode 100755 test-shell/test7
 create mode 100755 test-shell/test8
 create mode 100755 test-shell/test9
 create mode 100755 test-shell/testall
 create mode 100644 test-shell/testall.out
[master (root-commit) 7f1c2d5] Commit
 9 files changed, 755 insertions(+)
 create mode 100755 Makefile
 create mode 100755 cat_grep.cc
 create mode 100755 command.cc
 create mode 100755 command.h
 create mode 100755 ctrl-c.cc
 create mode 100755 regular.cc
 create mode 100755 shell.l
 create mode 100755 shell.y
 create mode 100644 y.tab.h
On branch master
Your branch is ahead of 'origin/master' by 1 commit.
  (use "git push" to publish your local commits)
nothing to commit, working directory clean
[master 4affb07] Commit
 2 files changed, 5 insertions(+), 1 deletion(-)
M	shell.l
Your branch is up-to-date with 'origin/master'.
[master b3b5760] Commit
 Committer: David Lee <lee2173@data.cs.purdue.edu>
Your name and email address were configured automatically based
on your username and hostname. Please check that they are accurate.
You can suppress this message by setting them explicitly:

    git config --global user.name "Your Name"
    git config --global user.email you@example.com

After doing this, you may fix the identity used for this commit with:

    git commit --amend --reset-author

 2 files changed, 29 insertions(+)
M	.local.git.out
M	shell.y
Your branch is up-to-date with 'origin/master'.
[master bf1950f] Commit
 Committer: David Lee <lee2173@data.cs.purdue.edu>
Your name and email address were configured automatically based
on your username and hostname. Please check that they are accurate.
You can suppress this message by setting them explicitly:

    git config --global user.name "Your Name"
    git config --global user.email you@example.com

After doing this, you may fix the identity used for this commit with:

    git commit --amend --reset-author

 2 files changed, 18 insertions(+), 1 deletion(-)
M	.local.git.out
M	shell.y
Your branch is up-to-date with 'origin/master'.
[master f4ed36a] Commit
 Committer: David Lee <lee2173@moore08.cs.purdue.edu>
Your name and email address were configured automatically based
on your username and hostname. Please check that they are accurate.
You can suppress this message by setting them explicitly:

    git config --global user.name "Your Name"
    git config --global user.email you@example.com

After doing this, you may fix the identity used for this commit with:

    git commit --amend --reset-author

 2 files changed, 22 insertions(+)
M	.local.git.out
M	shell.y
Your branch is up-to-date with 'origin/master'.
[master 74f9c00] Commit
 Committer: David Lee <lee2173@moore08.cs.purdue.edu>
Your name and email address were configured automatically based
on your username and hostname. Please check that they are accurate.
You can suppress this message by setting them explicitly:

    git config --global user.name "Your Name"
    git config --global user.email you@example.com

After doing this, you may fix the identity used for this commit with:

    git commit --amend --reset-author

 2 files changed, 22 insertions(+)
M	.local.git.out
M	shell.y
Your branch is up-to-date with 'origin/master'.
[master 9b73219] Commit
 Committer: David Lee <lee2173@data.cs.purdue.edu>
Your name and email address were configured automatically based
on your username and hostname. Please check that they are accurate.
You can suppress this message by setting them explicitly:

    git config --global user.name "Your Name"
    git config --global user.email you@example.com

After doing this, you may fix the identity used for this commit with:

    git commit --amend --reset-author

 2 files changed, 31 insertions(+), 1 deletion(-)
M	.local.git.out
M	shell.y
Your branch is up-to-date with 'origin/master'.
[master 97e884b] Commit
 Committer: David Lee <lee2173@data.cs.purdue.edu>
Your name and email address were configured automatically based
on your username and hostname. Please check that they are accurate.
You can suppress this message by setting them explicitly:

    git config --global user.name "Your Name"
    git config --global user.email you@example.com

After doing this, you may fix the identity used for this commit with:

    git commit --amend --reset-author

 2 files changed, 32 insertions(+), 4 deletions(-)
M	.local.git.out
M	shell.y
Your branch is up-to-date with 'origin/master'.
[master 4fb3e5b] Commit
 Committer: David Lee <lee2173@data.cs.purdue.edu>
Your name and email address were configured automatically based
on your username and hostname. Please check that they are accurate.
You can suppress this message by setting them explicitly:

    git config --global user.name "Your Name"
    git config --global user.email you@example.com

After doing this, you may fix the identity used for this commit with:

    git commit --amend --reset-author

 2 files changed, 23 insertions(+), 6 deletions(-)
M	.local.git.out
M	command.cc
M	command.hh
Your branch is up-to-date with 'origin/master'.
[master 1c98982] Commit
 Committer: David Lee <lee2173@data.cs.purdue.edu>
Your name and email address were configured automatically based
on your username and hostname. Please check that they are accurate.
You can suppress this message by setting them explicitly:

    git config --global user.name "Your Name"
    git config --global user.email you@example.com

After doing this, you may fix the identity used for this commit with:

    git commit --amend --reset-author

 3 files changed, 95 insertions(+)
M	.local.git.out
M	command.cc
Your branch is up-to-date with 'origin/master'.
[master d9bd02b] Commit
 Committer: David Lee <lee2173@data.cs.purdue.edu>
Your name and email address were configured automatically based
on your username and hostname. Please check that they are accurate.
You can suppress this message by setting them explicitly:

    git config --global user.name "Your Name"
    git config --global user.email you@example.com

After doing this, you may fix the identity used for this commit with:

    git commit --amend --reset-author

 2 files changed, 21 insertions(+), 2 deletions(-)
M	.local.git.out
M	command.cc
Your branch is up-to-date with 'origin/master'.
[master ffa187c] Commit
 Committer: David Lee <lee2173@data.cs.purdue.edu>
Your name and email address were configured automatically based
on your username and hostname. Please check that they are accurate.
You can suppress this message by setting them explicitly:

    git config --global user.name "Your Name"
    git config --global user.email you@example.com

After doing this, you may fix the identity used for this commit with:

    git commit --amend --reset-author

 2 files changed, 18 insertions(+), 1 deletion(-)
M	.local.git.out
M	command.cc
Your branch is up-to-date with 'origin/master'.
[master a9b9af8] Commit
 Committer: David Lee <lee2173@data.cs.purdue.edu>
Your name and email address were configured automatically based
on your username and hostname. Please check that they are accurate.
You can suppress this message by setting them explicitly:

    git config --global user.name "Your Name"
    git config --global user.email you@example.com

After doing this, you may fix the identity used for this commit with:

    git commit --amend --reset-author

 2 files changed, 18 insertions(+), 1 deletion(-)
M	.local.git.out
M	command.cc
Your branch is up-to-date with 'origin/master'.
[master 50f41d8] Commit
 Committer: David Lee <lee2173@data.cs.purdue.edu>
Your name and email address were configured automatically based
on your username and hostname. Please check that they are accurate.
You can suppress this message by setting them explicitly:

    git config --global user.name "Your Name"
    git config --global user.email you@example.com

After doing this, you may fix the identity used for this commit with:

    git commit --amend --reset-author

 2 files changed, 18 insertions(+)
M	.local.git.out
M	command.cc
Your branch is up-to-date with 'origin/master'.
[master 3f4e117] Commit
 Committer: David Lee <lee2173@data.cs.purdue.edu>
Your name and email address were configured automatically based
on your username and hostname. Please check that they are accurate.
You can suppress this message by setting them explicitly:

    git config --global user.name "Your Name"
    git config --global user.email you@example.com

After doing this, you may fix the identity used for this commit with:

    git commit --amend --reset-author

 2 files changed, 18 insertions(+), 1 deletion(-)
M	.local.git.out
M	command.cc
Your branch is up-to-date with 'origin/master'.
[master fc70cf2] Commit
 Committer: David Lee <lee2173@data.cs.purdue.edu>
Your name and email address were configured automatically based
on your username and hostname. Please check that they are accurate.
You can suppress this message by setting them explicitly:

    git config --global user.name "Your Name"
    git config --global user.email you@example.com

After doing this, you may fix the identity used for this commit with:

    git commit --amend --reset-author

 2 files changed, 18 insertions(+), 1 deletion(-)
M	.local.git.out
M	shell.y
Your branch is up-to-date with 'origin/master'.
[master 0285090] Commit
 Committer: David Lee <lee2173@data.cs.purdue.edu>
Your name and email address were configured automatically based
on your username and hostname. Please check that they are accurate.
You can suppress this message by setting them explicitly:

    git config --global user.name "Your Name"
    git config --global user.email you@example.com

After doing this, you may fix the identity used for this commit with:

    git commit --amend --reset-author

 2 files changed, 20 insertions(+), 2 deletions(-)
M	.local.git.out
M	command.cc
Your branch is up-to-date with 'origin/master'.
[master 29c4960] Commit
 Committer: David Lee <lee2173@data.cs.purdue.edu>
Your name and email address were configured automatically based
on your username and hostname. Please check that they are accurate.
You can suppress this message by setting them explicitly:

    git config --global user.name "Your Name"
    git config --global user.email you@example.com

After doing this, you may fix the identity used for this commit with:

    git commit --amend --reset-author

 2 files changed, 25 insertions(+), 5 deletions(-)
M	.local.git.out
M	shell.y
Your branch is up-to-date with 'origin/master'.
[master 42b7138] Commit
 Committer: David Lee <lee2173@data.cs.purdue.edu>
Your name and email address were configured automatically based
on your username and hostname. Please check that they are accurate.
You can suppress this message by setting them explicitly:

    git config --global user.name "Your Name"
    git config --global user.email you@example.com

After doing this, you may fix the identity used for this commit with:

    git commit --amend --reset-author

 2 files changed, 25 insertions(+), 8 deletions(-)
M	.local.git.out
M	command.cc
Your branch is up-to-date with 'origin/master'.
[master 5a64657] Commit
 Committer: David Lee <lee2173@data.cs.purdue.edu>
Your name and email address were configured automatically based
on your username and hostname. Please check that they are accurate.
You can suppress this message by setting them explicitly:

    git config --global user.name "Your Name"
    git config --global user.email you@example.com

After doing this, you may fix the identity used for this commit with:

    git commit --amend --reset-author

 2 files changed, 18 insertions(+)
M	.local.git.out
M	command.cc
Your branch is up-to-date with 'origin/master'.
[master 5740138] Commit
 Committer: David Lee <lee2173@data.cs.purdue.edu>
Your name and email address were configured automatically based
on your username and hostname. Please check that they are accurate.
You can suppress this message by setting them explicitly:

    git config --global user.name "Your Name"
    git config --global user.email you@example.com

After doing this, you may fix the identity used for this commit with:

    git commit --amend --reset-author

 2 files changed, 18 insertions(+)
M	.local.git.out
M	command.cc
Your branch is up-to-date with 'origin/master'.
[master c5563de] Commit
 Committer: David Lee <lee2173@data.cs.purdue.edu>
Your name and email address were configured automatically based
on your username and hostname. Please check that they are accurate.
You can suppress this message by setting them explicitly:

    git config --global user.name "Your Name"
    git config --global user.email you@example.com

After doing this, you may fix the identity used for this commit with:

    git commit --amend --reset-author

 2 files changed, 19 insertions(+), 2 deletions(-)
M	.local.git.out
M	command.cc
Your branch is up-to-date with 'origin/master'.
[master 6b4ae59] Commit
 Committer: David Lee <lee2173@data.cs.purdue.edu>
Your name and email address were configured automatically based
on your username and hostname. Please check that they are accurate.
You can suppress this message by setting them explicitly:

    git config --global user.name "Your Name"
    git config --global user.email you@example.com

After doing this, you may fix the identity used for this commit with:

    git commit --amend --reset-author

 2 files changed, 19 insertions(+)
M	.local.git.out
M	command.cc
Your branch is up-to-date with 'origin/master'.
[master 9dce801] Commit
 Committer: David Lee <lee2173@data.cs.purdue.edu>
Your name and email address were configured automatically based
on your username and hostname. Please check that they are accurate.
You can suppress this message by setting them explicitly:

    git config --global user.name "Your Name"
    git config --global user.email you@example.com

After doing this, you may fix the identity used for this commit with:

    git commit --amend --reset-author

 2 files changed, 18 insertions(+), 3 deletions(-)
M	.local.git.out
M	command.cc
Your branch is up-to-date with 'origin/master'.
[master a046158] Commit
 Committer: David Lee <lee2173@data.cs.purdue.edu>
Your name and email address were configured automatically based
on your username and hostname. Please check that they are accurate.
You can suppress this message by setting them explicitly:

    git config --global user.name "Your Name"
    git config --global user.email you@example.com

After doing this, you may fix the identity used for this commit with:

    git commit --amend --reset-author

 2 files changed, 19 insertions(+), 2 deletions(-)
M	.local.git.out
M	command.cc
Your branch is up-to-date with 'origin/master'.
[master b7f180d] Commit
 Committer: David Lee <lee2173@data.cs.purdue.edu>
Your name and email address were configured automatically based
on your username and hostname. Please check that they are accurate.
You can suppress this message by setting them explicitly:

    git config --global user.name "Your Name"
    git config --global user.email you@example.com

After doing this, you may fix the identity used for this commit with:

    git commit --amend --reset-author

 2 files changed, 21 insertions(+), 4 deletions(-)
M	.local.git.out
M	command.cc
Your branch is up-to-date with 'origin/master'.
[master 0ccb3f0] Commit
 Committer: David Lee <lee2173@data.cs.purdue.edu>
Your name and email address were configured automatically based
on your username and hostname. Please check that they are accurate.
You can suppress this message by setting them explicitly:

    git config --global user.name "Your Name"
    git config --global user.email you@example.com

After doing this, you may fix the identity used for this commit with:

    git commit --amend --reset-author

 2 files changed, 18 insertions(+), 1 deletion(-)
M	.local.git.out
M	command.cc
Your branch is up-to-date with 'origin/master'.
[master 16855b8] Commit
 Committer: David Lee <lee2173@data.cs.purdue.edu>
Your name and email address were configured automatically based
on your username and hostname. Please check that they are accurate.
You can suppress this message by setting them explicitly:

    git config --global user.name "Your Name"
    git config --global user.email you@example.com

After doing this, you may fix the identity used for this commit with:

    git commit --amend --reset-author

 3 files changed, 21 insertions(+), 3 deletions(-)
 create mode 100644 test-shell/testall.out
M	.local.git.out
M	command.cc
Your branch is up-to-date with 'origin/master'.
[master 91fb332] Commit
 Committer: David Lee <lee2173@data.cs.purdue.edu>
Your name and email address were configured automatically based
on your username and hostname. Please check that they are accurate.
You can suppress this message by setting them explicitly:

    git config --global user.name "Your Name"
    git config --global user.email you@example.com

After doing this, you may fix the identity used for this commit with:

    git commit --amend --reset-author

 2 files changed, 20 insertions(+), 2 deletions(-)
M	.local.git.out
M	command.cc
Your branch is up-to-date with 'origin/master'.
[master 86385c7] Commit
 Committer: David Lee <lee2173@data.cs.purdue.edu>
Your name and email address were configured automatically based
on your username and hostname. Please check that they are accurate.
You can suppress this message by setting them explicitly:

    git config --global user.name "Your Name"
    git config --global user.email you@example.com

After doing this, you may fix the identity used for this commit with:

    git commit --amend --reset-author

 2 files changed, 21 insertions(+), 4 deletions(-)
M	.local.git.out
M	command.cc
M	test-shell/testall.out
Your branch is up-to-date with 'origin/master'.
[master 3eb5ed8] Commit
 Committer: David Lee <lee2173@data.cs.purdue.edu>
Your name and email address were configured automatically based
on your username and hostname. Please check that they are accurate.
You can suppress this message by setting them explicitly:

    git config --global user.name "Your Name"
    git config --global user.email you@example.com

After doing this, you may fix the identity used for this commit with:

    git commit --amend --reset-author

 3 files changed, 21 insertions(+), 3 deletions(-)
M	.local.git.out
M	command.cc
M	test-shell/testall.out
Your branch is up-to-date with 'origin/master'.
[master d23f4b5] Commit
 Committer: David Lee <lee2173@data.cs.purdue.edu>
Your name and email address were configured automatically based
on your username and hostname. Please check that they are accurate.
You can suppress this message by setting them explicitly:

    git config --global user.name "Your Name"
    git config --global user.email you@example.com

After doing this, you may fix the identity used for this commit with:

    git commit --amend --reset-author

 3 files changed, 21 insertions(+), 3 deletions(-)
M	.local.git.out
M	command.cc
M	test-shell/testall.out
Your branch is up-to-date with 'origin/master'.
[master e562ec1] Commit
 Committer: David Lee <lee2173@data.cs.purdue.edu>
Your name and email address were configured automatically based
on your username and hostname. Please check that they are accurate.
You can suppress this message by setting them explicitly:

    git config --global user.name "Your Name"
    git config --global user.email you@example.com

After doing this, you may fix the identity used for this commit with:

    git commit --amend --reset-author

 3 files changed, 21 insertions(+), 3 deletions(-)
M	.local.git.out
M	shell.y
Your branch is up-to-date with 'origin/master'.
[master a857aa0] Commit
 Committer: David Lee <lee2173@data.cs.purdue.edu>
Your name and email address were configured automatically based
on your username and hostname. Please check that they are accurate.
You can suppress this message by setting them explicitly:

    git config --global user.name "Your Name"
    git config --global user.email you@example.com

After doing this, you may fix the identity used for this commit with:

    git commit --amend --reset-author

 2 files changed, 23 insertions(+), 1 deletion(-)
M	.local.git.out
M	shell.y
Your branch is up-to-date with 'origin/master'.
[master b644051] Commit
 Committer: David Lee <lee2173@data.cs.purdue.edu>
Your name and email address were configured automatically based
on your username and hostname. Please check that they are accurate.
You can suppress this message by setting them explicitly:

    git config --global user.name "Your Name"
    git config --global user.email you@example.com

After doing this, you may fix the identity used for this commit with:

    git commit --amend --reset-author

 2 files changed, 17 insertions(+), 1 deletion(-)
M	.local.git.out
M	command.cc
Your branch is up-to-date with 'origin/master'.
[master cbf18a4] Commit
 Committer: David Lee <lee2173@data.cs.purdue.edu>
Your name and email address were configured automatically based
on your username and hostname. Please check that they are accurate.
You can suppress this message by setting them explicitly:

    git config --global user.name "Your Name"
    git config --global user.email you@example.com

After doing this, you may fix the identity used for this commit with:

    git commit --amend --reset-author

 2 files changed, 19 insertions(+), 1 deletion(-)
M	.local.git.out
M	command.cc
Your branch is up-to-date with 'origin/master'.
[master d0cc276] Commit
 Committer: David Lee <lee2173@data.cs.purdue.edu>
Your name and email address were configured automatically based
on your username and hostname. Please check that they are accurate.
You can suppress this message by setting them explicitly:

    git config --global user.name "Your Name"
    git config --global user.email you@example.com

After doing this, you may fix the identity used for this commit with:

    git commit --amend --reset-author

 2 files changed, 19 insertions(+), 2 deletions(-)
M	.local.git.out
M	command.cc
Your branch is up-to-date with 'origin/master'.
[master 001bc77] Commit
 Committer: David Lee <lee2173@data.cs.purdue.edu>
Your name and email address were configured automatically based
on your username and hostname. Please check that they are accurate.
You can suppress this message by setting them explicitly:

    git config --global user.name "Your Name"
    git config --global user.email you@example.com

After doing this, you may fix the identity used for this commit with:

    git commit --amend --reset-author

 2 files changed, 18 insertions(+), 1 deletion(-)
M	.local.git.out
Your branch is up-to-date with 'origin/master'.
[master 7974991] Commit
 Committer: David Lee <lee2173@data.cs.purdue.edu>
Your name and email address were configured automatically based
on your username and hostname. Please check that they are accurate.
You can suppress this message by setting them explicitly:

    git config --global user.name "Your Name"
    git config --global user.email you@example.com

After doing this, you may fix the identity used for this commit with:

    git commit --amend --reset-author

 1 file changed, 16 insertions(+)
M	.local.git.out
M	shell.l
M	shell.y
Your branch is up-to-date with 'origin/master'.
[master 7c7bbe4] Commit
 Committer: David Lee <lee2173@data.cs.purdue.edu>
Your name and email address were configured automatically based
on your username and hostname. Please check that they are accurate.
You can suppress this message by setting them explicitly:

    git config --global user.name "Your Name"
    git config --global user.email you@example.com

After doing this, you may fix the identity used for this commit with:

    git commit --amend --reset-author

 3 files changed, 29 insertions(+), 2 deletions(-)
M	.local.git.out
M	command.cc
M	test-shell/testall.out
Your branch is up-to-date with 'origin/master'.
[master 9c63499] Commit
 Committer: David Lee <lee2173@data.cs.purdue.edu>
Your name and email address were configured automatically based
on your username and hostname. Please check that they are accurate.
You can suppress this message by setting them explicitly:

    git config --global user.name "Your Name"
    git config --global user.email you@example.com

After doing this, you may fix the identity used for this commit with:

    git commit --amend --reset-author

 3 files changed, 29 insertions(+), 3 deletions(-)
M	.local.git.out
M	command.cc
Your branch is up-to-date with 'origin/master'.
[master e07b4d3] Commit
 Committer: David Lee <lee2173@data.cs.purdue.edu>
Your name and email address were configured automatically based
on your username and hostname. Please check that they are accurate.
You can suppress this message by setting them explicitly:

    git config --global user.name "Your Name"
    git config --global user.email you@example.com

After doing this, you may fix the identity used for this commit with:

    git commit --amend --reset-author

 2 files changed, 18 insertions(+), 1 deletion(-)
M	.local.git.out
M	shell.l
Your branch is up-to-date with 'origin/master'.
[master e8516d9] Commit
 Committer: David Lee <lee2173@data.cs.purdue.edu>
Your name and email address were configured automatically based
on your username and hostname. Please check that they are accurate.
You can suppress this message by setting them explicitly:

    git config --global user.name "Your Name"
    git config --global user.email you@example.com

After doing this, you may fix the identity used for this commit with:

    git commit --amend --reset-author

 2 files changed, 18 insertions(+), 1 deletion(-)
M	.local.git.out
M	shell.l
Your branch is up-to-date with 'origin/master'.
[master ca608dd] Commit
 Committer: David Lee <lee2173@data.cs.purdue.edu>
Your name and email address were configured automatically based
on your username and hostname. Please check that they are accurate.
You can suppress this message by setting them explicitly:

    git config --global user.name "Your Name"
    git config --global user.email you@example.com

After doing this, you may fix the identity used for this commit with:

    git commit --amend --reset-author

 2 files changed, 18 insertions(+), 1 deletion(-)
M	.local.git.out
M	shell.y
Your branch is up-to-date with 'origin/master'.
[master b44e43e] Commit
 Committer: David Lee <lee2173@data.cs.purdue.edu>
Your name and email address were configured automatically based
on your username and hostname. Please check that they are accurate.
You can suppress this message by setting them explicitly:

    git config --global user.name "Your Name"
    git config --global user.email you@example.com

After doing this, you may fix the identity used for this commit with:

    git commit --amend --reset-author

 2 files changed, 18 insertions(+)
M	.local.git.out
M	command.cc
Your branch is up-to-date with 'origin/master'.
[master f7f9f96] Commit
 Committer: David Lee <lee2173@data.cs.purdue.edu>
Your name and email address were configured automatically based
on your username and hostname. Please check that they are accurate.
You can suppress this message by setting them explicitly:

    git config --global user.name "Your Name"
    git config --global user.email you@example.com

After doing this, you may fix the identity used for this commit with:

    git commit --amend --reset-author

 2 files changed, 20 insertions(+), 1 deletion(-)
M	.local.git.out
M	command.cc
M	test-shell/testall.out
Your branch is up-to-date with 'origin/master'.
[master 9ab9a30] Commit
 Committer: David Lee <lee2173@data.cs.purdue.edu>
Your name and email address were configured automatically based
on your username and hostname. Please check that they are accurate.
You can suppress this message by setting them explicitly:

    git config --global user.name "Your Name"
    git config --global user.email you@example.com

After doing this, you may fix the identity used for this commit with:

    git commit --amend --reset-author

 3 files changed, 22 insertions(+), 3 deletions(-)
M	.local.git.out
M	command.cc
Your branch is up-to-date with 'origin/master'.
[master 13e05ca] Commit
 Committer: David Lee <lee2173@data.cs.purdue.edu>
Your name and email address were configured automatically based
on your username and hostname. Please check that they are accurate.
You can suppress this message by setting them explicitly:

    git config --global user.name "Your Name"
    git config --global user.email you@example.com

After doing this, you may fix the identity used for this commit with:

    git commit --amend --reset-author

 2 files changed, 18 insertions(+)
M	.local.git.out
M	command.cc
M	shell.y
Your branch is up-to-date with 'origin/master'.
[master 06831d1] Commit
 Committer: David Lee <lee2173@data.cs.purdue.edu>
Your name and email address were configured automatically based
on your username and hostname. Please check that they are accurate.
You can suppress this message by setting them explicitly:

    git config --global user.name "Your Name"
    git config --global user.email you@example.com

After doing this, you may fix the identity used for this commit with:

    git commit --amend --reset-author

 3 files changed, 22 insertions(+), 8 deletions(-)
M	.local.git.out
M	command.cc
Your branch is up-to-date with 'origin/master'.
[master dfda7de] Commit
 Committer: David Lee <lee2173@data.cs.purdue.edu>
Your name and email address were configured automatically based
on your username and hostname. Please check that they are accurate.
You can suppress this message by setting them explicitly:

    git config --global user.name "Your Name"
    git config --global user.email you@example.com

After doing this, you may fix the identity used for this commit with:

    git commit --amend --reset-author

 2 files changed, 23 insertions(+), 4 deletions(-)
M	.local.git.out
M	command.cc
Your branch is up-to-date with 'origin/master'.
[master 5366207] Commit
 Committer: David Lee <lee2173@data.cs.purdue.edu>
Your name and email address were configured automatically based
on your username and hostname. Please check that they are accurate.
You can suppress this message by setting them explicitly:

    git config --global user.name "Your Name"
    git config --global user.email you@example.com

After doing this, you may fix the identity used for this commit with:

    git commit --amend --reset-author

 2 files changed, 19 insertions(+), 5 deletions(-)
M	.local.git.out
M	command.cc
Your branch is up-to-date with 'origin/master'.
[master ccc816c] Commit
 Committer: David Lee <lee2173@data.cs.purdue.edu>
Your name and email address were configured automatically based
on your username and hostname. Please check that they are accurate.
You can suppress this message by setting them explicitly:

    git config --global user.name "Your Name"
    git config --global user.email you@example.com

After doing this, you may fix the identity used for this commit with:

    git commit --amend --reset-author

 2 files changed, 20 insertions(+), 3 deletions(-)
M	.local.git.out
M	command.cc
Your branch is up-to-date with 'origin/master'.
[master 00b94b8] Commit
 Committer: David Lee <lee2173@data.cs.purdue.edu>
Your name and email address were configured automatically based
on your username and hostname. Please check that they are accurate.
You can suppress this message by setting them explicitly:

    git config --global user.name "Your Name"
    git config --global user.email you@example.com

After doing this, you may fix the identity used for this commit with:

    git commit --amend --reset-author

 2 files changed, 18 insertions(+)
M	.local.git.out
M	command.cc
Your branch is up-to-date with 'origin/master'.
[master a8dc014] Commit
 Committer: David Lee <lee2173@data.cs.purdue.edu>
Your name and email address were configured automatically based
on your username and hostname. Please check that they are accurate.
You can suppress this message by setting them explicitly:

    git config --global user.name "Your Name"
    git config --global user.email you@example.com

After doing this, you may fix the identity used for this commit with:

    git commit --amend --reset-author

 2 files changed, 18 insertions(+), 5 deletions(-)
M	.local.git.out
M	command.cc
Your branch is up-to-date with 'origin/master'.
[master 3174425] Commit
 Committer: David Lee <lee2173@data.cs.purdue.edu>
Your name and email address were configured automatically based
on your username and hostname. Please check that they are accurate.
You can suppress this message by setting them explicitly:

    git config --global user.name "Your Name"
    git config --global user.email you@example.com

After doing this, you may fix the identity used for this commit with:

    git commit --amend --reset-author

 2 files changed, 18 insertions(+), 1 deletion(-)
M	.local.git.out
M	command.cc
M	command.hh
M	shell.y
Your branch is up-to-date with 'origin/master'.
[master 2a55b08] Commit
 Committer: David Lee <lee2173@data.cs.purdue.edu>
Your name and email address were configured automatically based
on your username and hostname. Please check that they are accurate.
You can suppress this message by setting them explicitly:

    git config --global user.name "Your Name"
    git config --global user.email you@example.com

After doing this, you may fix the identity used for this commit with:

    git commit --amend --reset-author

 4 files changed, 58 insertions(+), 1 deletion(-)
M	.local.git.out
M	shell.y
M	test-shell/testall.out
Your branch is up-to-date with 'origin/master'.
[master 41475cf] Commit
 Committer: David Lee <lee2173@data.cs.purdue.edu>
Your name and email address were configured automatically based
on your username and hostname. Please check that they are accurate.
You can suppress this message by setting them explicitly:

    git config --global user.name "Your Name"
    git config --global user.email you@example.com

After doing this, you may fix the identity used for this commit with:

    git commit --amend --reset-author

 3 files changed, 19 insertions(+), 3 deletions(-)
M	.local.git.out
M	test-shell/testall.out
Your branch is up-to-date with 'origin/master'.
