CS252: lab1. lee2173 Fri Jan 13 13:01:04 EST 2017  Total:  5 of 100

CS252: lab1. lee2173 Tue Jan 17 11:37:06 EST 2017  Total:  5 of 100

CS252: lab1. lee2173 Fri Jan 20 15:06:47 EST 2017  Total:  5 of 100

CS252: lab1. lee2173 Sun Jan 22 15:27:54 EST 2017  Total:  5 of 100

CS252: lab1. lee2173 Sun Jan 22 15:28:04 EST 2017  Total:  5 of 100

CS252: lab1. lee2173 Sun Jan 22 15:44:27 EST 2017  Total:  5 of 100

CS252: lab1. lee2173 Sun Jan 22 15:53:50 EST 2017  Total:  5 of 100

CS252: lab1. lee2173 Tue Jan 24 22:00:23 EST 2017  Total:  5 of 100

CS252: lab1. lee2173 Tue Jan 24 22:26:23 EST 2017  Total:  5 of 100

CS252: lab1. lee2173 Wed Jan 25 00:55:56 EST 2017  Total:  5 of 100

CS252: lab1. lee2173 Fri Jan 27 01:11:32 EST 2017  Total:  80 of 100

CS252: lab1. lee2173 Fri Jan 27 14:18:49 EST 2017  Total:  80 of 100

CS252: lab1. lee2173 Fri Jan 27 17:57:20 EST 2017  Total:  80 of 100

CS252: lab1. lee2173 Fri Jan 27 17:58:30 EST 2017  Total:  80 of 100

CS252: lab1. lee2173 Fri Jan 27 17:59:42 EST 2017  Total:  80 of 100

CS252: lab1. lee2173 Fri Jan 27 18:01:18 EST 2017  Total:  80 of 100

CS252: lab1. lee2173 Fri Jan 27 18:03:08 EST 2017  Total:  80 of 100

CS252: lab1. lee2173 Fri Jan 27 18:06:31 EST 2017  Total:  80 of 100

CS252: lab1. lee2173 Fri Jan 27 21:23:40 EST 2017  Total:  80 of 100

CS252: lab1. lee2173 Fri Jan 27 21:25:08 EST 2017  Total:  80 of 100

CS252: lab1. lee2173 Fri Jan 27 21:26:00 EST 2017  Total:  80 of 100

CS252: lab1. lee2173 Fri Jan 27 21:27:42 EST 2017  Total:  80 of 100

CS252: lab1. lee2173 Fri Jan 27 21:29:13 EST 2017  Total:  80 of 100

CS252: lab1. lee2173 Fri Jan 27 21:38:14 EST 2017  Total:  80 of 100

CS252: lab1. lee2173 Fri Jan 27 21:41:04 EST 2017  Total:  80 of 100

CS252: lab1. lee2173 Fri Jan 27 21:47:01 EST 2017  Total:  80 of 100

CS252: lab1. lee2173 Fri Jan 27 21:48:00 EST 2017  Total:  80 of 100

CS252: lab1. lee2173 Fri Jan 27 21:56:47 EST 2017  Total:  80 of 100

CS252: lab1. lee2173 Sat Jan 28 03:40:25 EST 2017  Total:  80 of 100

CS252: lab1. lee2173 Sat Jan 28 04:17:57 EST 2017  Total:  80 of 100

CS252: lab1. lee2173 Sat Jan 28 04:19:12 EST 2017  Total:  80 of 100

CS252: lab1. lee2173 Sat Jan 28 04:22:02 EST 2017  Total:  80 of 100

CS252: lab1. lee2173 Sat Jan 28 04:27:48 EST 2017  Total:  80 of 100

CS252: lab1. lee2173 Sat Jan 28 04:28:39 EST 2017  Total:  100 of 100

CS252: lab1. lee2173 Sat Jan 28 15:29:11 EST 2017  Total:  100 of 100

