

-------------------------------------------------
CS240: Lab 3. du55   
Mon Jan 25 18:17:38 EST 2016
-------------------------------------------------
triangle   < triangle_test1         : 0   of 3  
triangle   < triangle_test2         : 0   of 3  
triangle   < triangle_test3         : 0   of 3  
triangle   < triangle_test4         : 0   of 3  
triangle   < triangle_test5         : 0   of 3  
triangle   < triangle_test6         : 0   of 3  
triangle   < triangle_test7         : 0   of 3  
triangle   < triangle_test8         : 0   of 3  
-------------------------------------------------
CS240: Lab 3. du55 Mon Jan 25 18:17:38 EST 2016  Total:  0 of 24



-------------------------------------------------
CS240: Lab 3. du55   
Mon Jan 25 18:18:03 EST 2016
-------------------------------------------------
triangle   < triangle_test1         : 3   of 3  
triangle   < triangle_test2         : 3   of 3  
triangle   < triangle_test3         : 3   of 3  
triangle   < triangle_test4         : 3   of 3  
triangle   < triangle_test5         : 3   of 3  
triangle   < triangle_test6         : 3   of 3  
triangle   < triangle_test7         : 3   of 3  
triangle   < triangle_test8         : 3   of 3  
-------------------------------------------------
CS240: Lab 3. du55 Mon Jan 25 18:18:03 EST 2016  Total:  24 of 24



-------------------------------------------------
CS240: Lab 3. du55   
Mon Jan 25 18:29:36 EST 2016
-------------------------------------------------
triangle   < triangle_test1         : 3   of 3  
triangle   < triangle_test2         : 3   of 3  
triangle   < triangle_test3         : 3   of 3  
triangle   < triangle_test4         : 3   of 3  
triangle   < triangle_test5         : 3   of 3  
triangle   < triangle_test6         : 3   of 3  
triangle   < triangle_test7         : 3   of 3  
triangle   < triangle_test8         : 3   of 3  
-------------------------------------------------
CS240: Lab 3. du55 Mon Jan 25 18:29:36 EST 2016  Total:  24 of 24



-------------------------------------------------
CS240: Lab 3. du55   
Mon Jan 25 18:30:57 EST 2016
-------------------------------------------------
triangle   < triangle_test1         : 3   of 3  
triangle   < triangle_test2         : 3   of 3  
triangle   < triangle_test3         : 3   of 3  
triangle   < triangle_test4         : 3   of 3  
triangle   < triangle_test5         : 3   of 3  
triangle   < triangle_test6         : 3   of 3  
triangle   < triangle_test7         : 3   of 3  
triangle   < triangle_test8         : 3   of 3  
-------------------------------------------------
CS240: Lab 3. du55 Mon Jan 25 18:30:57 EST 2016  Total:  24 of 24



-------------------------------------------------
CS240: Lab 3. du55   
Mon Jan 25 18:33:50 EST 2016
-------------------------------------------------
triangle   < triangle_test1         : 3   of 3  
triangle   < triangle_test2         : 3   of 3  
triangle   < triangle_test3         : 3   of 3  
triangle   < triangle_test4         : 3   of 3  
triangle   < triangle_test5         : 3   of 3  
triangle   < triangle_test6         : 3   of 3  
triangle   < triangle_test7         : 3   of 3  
triangle   < triangle_test8         : 3   of 3  
-------------------------------------------------
CS240: Lab 3. du55 Mon Jan 25 18:33:50 EST 2016  Total:  24 of 24



-------------------------------------------------
CS240: Lab 3. du55   
Mon Jan 25 18:34:06 EST 2016
-------------------------------------------------
triangle   < triangle_test1         : 3   of 3  
triangle   < triangle_test2         : 3   of 3  
triangle   < triangle_test3         : 3   of 3  
triangle   < triangle_test4         : 3   of 3  
triangle   < triangle_test5         : 3   of 3  
triangle   < triangle_test6         : 3   of 3  
triangle   < triangle_test7         : 3   of 3  
triangle   < triangle_test8         : 3   of 3  
-------------------------------------------------
CS240: Lab 3. du55 Mon Jan 25 18:34:06 EST 2016  Total:  24 of 24



-------------------------------------------------
CS240: Lab 3. du55   
Mon Jan 25 18:34:44 EST 2016
-------------------------------------------------
triangle   < triangle_test1         : 3   of 3  
triangle   < triangle_test2         : 3   of 3  
triangle   < triangle_test3         : 3   of 3  
triangle   < triangle_test4         : 3   of 3  
triangle   < triangle_test5         : 3   of 3  
triangle   < triangle_test6         : 3   of 3  
triangle   < triangle_test7         : 3   of 3  
triangle   < triangle_test8         : 3   of 3  
-------------------------------------------------
CS240: Lab 3. du55 Mon Jan 25 18:34:44 EST 2016  Total:  24 of 24



-------------------------------------------------
CS240: Lab 3. du55   
Mon Jan 25 18:34:47 EST 2016
-------------------------------------------------
triangle   < triangle_test1         : 3   of 3  
triangle   < triangle_test2         : 3   of 3  
triangle   < triangle_test3         : 3   of 3  
triangle   < triangle_test4         : 3   of 3  
triangle   < triangle_test5         : 3   of 3  
triangle   < triangle_test6         : 3   of 3  
triangle   < triangle_test7         : 3   of 3  
triangle   < triangle_test8         : 3   of 3  
-------------------------------------------------
CS240: Lab 3. du55 Mon Jan 25 18:34:47 EST 2016  Total:  24 of 24



-------------------------------------------------
CS240: Lab 3. lee2173   
Sun Feb  7 22:45:11 EST 2016
-------------------------------------------------
-------------------------------------------------
CS240: Lab 3. lee2173 Sun Feb 7 22:45:11 EST 2016  Total:  0 of 24



-------------------------------------------------
CS240: Lab 3. lee2173   
Sun Feb  7 23:02:53 EST 2016
-------------------------------------------------
-------------------------------------------------
CS240: Lab 3. lee2173 Sun Feb 7 23:02:53 EST 2016  Total:  0 of 24



-------------------------------------------------
CS240: Lab 3. lee2173   
Sun Feb  7 23:06:44 EST 2016
-------------------------------------------------
-------------------------------------------------
CS240: Lab 3. lee2173 Sun Feb 7 23:06:44 EST 2016  Total:  0 of 24



-------------------------------------------------
CS240: Lab 3. lee2173   
Sun Feb  7 23:11:34 EST 2016
-------------------------------------------------
-------------------------------------------------
CS240: Lab 3. lee2173 Sun Feb 7 23:11:34 EST 2016  Total:  0 of 24



-------------------------------------------------
CS240: Lab 3. lee2173   
Sun Feb  7 23:15:03 EST 2016
-------------------------------------------------
-------------------------------------------------
CS240: Lab 3. lee2173 Sun Feb 7 23:15:03 EST 2016  Total:  0 of 24



-------------------------------------------------
CS240: Lab 3. lee2173   
Sun Feb  7 23:20:10 EST 2016
-------------------------------------------------
-------------------------------------------------
CS240: Lab 3. lee2173 Sun Feb 7 23:20:10 EST 2016  Total:  0 of 24



-------------------------------------------------
CS240: Lab 3. lee2173   
Sun Feb  7 23:22:15 EST 2016
-------------------------------------------------
-------------------------------------------------
CS240: Lab 3. lee2173 Sun Feb 7 23:22:15 EST 2016  Total:  0 of 24



-------------------------------------------------
CS240: Lab 3. lee2173   
Mon Feb  8 00:02:11 EST 2016
-------------------------------------------------
-------------------------------------------------
CS240: Lab 3. lee2173 Mon Feb 8 00:02:11 EST 2016  Total:  0 of 24



-------------------------------------------------
CS240: Lab 3. lee2173   
Mon Feb  8 02:50:00 EST 2016
-------------------------------------------------
-------------------------------------------------
CS240: Lab 3. lee2173 Mon Feb 8 02:50:00 EST 2016  Total:  0 of 24



-------------------------------------------------
CS240: Lab 3. lee2173   
Mon Feb  8 02:53:06 EST 2016
-------------------------------------------------
-------------------------------------------------
CS240: Lab 3. lee2173 Mon Feb 8 02:53:06 EST 2016  Total:  0 of 24



-------------------------------------------------
CS240: Lab 3. lee2173   
Mon Feb  8 02:53:39 EST 2016
-------------------------------------------------
-------------------------------------------------
CS240: Lab 3. lee2173 Mon Feb 8 02:53:39 EST 2016  Total:  0 of 24



-------------------------------------------------
CS240: Lab 3. lee2173   
Mon Feb  8 03:47:36 EST 2016
-------------------------------------------------
triangle   < triangle_test1         : 3   of 3  
triangle   < triangle_test2         : 0   of 3  
triangle   < triangle_test3         : 0   of 3  
triangle   < triangle_test4         : 3   of 3  
triangle   < triangle_test5         : 0   of 3  
triangle   < triangle_test6         : 3   of 3  
triangle   < triangle_test7         : 0   of 3  
triangle   < triangle_test8         : 3   of 3  
-------------------------------------------------
CS240: Lab 3. lee2173 Mon Feb 8 03:47:36 EST 2016  Total:  12 of 24



-------------------------------------------------
CS240: Lab 3. lee2173   
Mon Feb  8 03:48:46 EST 2016
-------------------------------------------------
triangle   < triangle_test1         : 3   of 3  
triangle   < triangle_test2         : 0   of 3  
triangle   < triangle_test3         : 0   of 3  
triangle   < triangle_test4         : 3   of 3  
triangle   < triangle_test5         : 0   of 3  
triangle   < triangle_test6         : 3   of 3  
triangle   < triangle_test7         : 0   of 3  
triangle   < triangle_test8         : 3   of 3  
-------------------------------------------------
CS240: Lab 3. lee2173 Mon Feb 8 03:48:46 EST 2016  Total:  12 of 24



-------------------------------------------------
CS240: Lab 3. lee2173   
Mon Feb  8 03:53:24 EST 2016
-------------------------------------------------
triangle   < triangle_test1         : 3   of 3  
triangle   < triangle_test2         : 0   of 3  
triangle   < triangle_test3         : 0   of 3  
triangle   < triangle_test4         : 3   of 3  
triangle   < triangle_test5         : 0   of 3  
triangle   < triangle_test6         : 3   of 3  
triangle   < triangle_test7         : 0   of 3  
triangle   < triangle_test8         : 3   of 3  
-------------------------------------------------
CS240: Lab 3. lee2173 Mon Feb 8 03:53:24 EST 2016  Total:  12 of 24



-------------------------------------------------
CS240: Lab 3. lee2173   
Mon Feb  8 03:56:11 EST 2016
-------------------------------------------------
triangle   < triangle_test1         : 3   of 3  
triangle   < triangle_test2         : 0   of 3  
triangle   < triangle_test3         : 0   of 3  
triangle   < triangle_test4         : 3   of 3  
triangle   < triangle_test5         : 0   of 3  
triangle   < triangle_test6         : 3   of 3  
triangle   < triangle_test7         : 0   of 3  
triangle   < triangle_test8         : 3   of 3  
-------------------------------------------------
CS240: Lab 3. lee2173 Mon Feb 8 03:56:11 EST 2016  Total:  12 of 24



-------------------------------------------------
CS240: Lab 3. lee2173   
Mon Feb  8 03:57:29 EST 2016
-------------------------------------------------
triangle   < triangle_test1         : 3   of 3  
triangle   < triangle_test2         : 0   of 3  
triangle   < triangle_test3         : 0   of 3  
triangle   < triangle_test4         : 3   of 3  
triangle   < triangle_test5         : 0   of 3  
triangle   < triangle_test6         : 3   of 3  
triangle   < triangle_test7         : 0   of 3  
triangle   < triangle_test8         : 3   of 3  
-------------------------------------------------
CS240: Lab 3. lee2173 Mon Feb 8 03:57:29 EST 2016  Total:  12 of 24



-------------------------------------------------
CS240: Lab 3. lee2173   
Mon Feb  8 03:58:22 EST 2016
-------------------------------------------------
triangle   < triangle_test1         : 3   of 3  
triangle   < triangle_test2         : 3   of 3  
triangle   < triangle_test3         : 3   of 3  
triangle   < triangle_test4         : 3   of 3  
triangle   < triangle_test5         : 3   of 3  
triangle   < triangle_test6         : 3   of 3  
triangle   < triangle_test7         : 3   of 3  
triangle   < triangle_test8         : 3   of 3  
-------------------------------------------------
CS240: Lab 3. lee2173 Mon Feb 8 03:58:22 EST 2016  Total:  24 of 24



-------------------------------------------------
CS240: Lab 3. lee2173   
Mon Feb  8 04:01:14 EST 2016
-------------------------------------------------
triangle   < triangle_test1         : 3   of 3  
triangle   < triangle_test2         : 3   of 3  
triangle   < triangle_test3         : 3   of 3  
triangle   < triangle_test4         : 3   of 3  
triangle   < triangle_test5         : 3   of 3  
triangle   < triangle_test6         : 3   of 3  
triangle   < triangle_test7         : 3   of 3  
triangle   < triangle_test8         : 3   of 3  
-------------------------------------------------
CS240: Lab 3. lee2173 Mon Feb 8 04:01:14 EST 2016  Total:  24 of 24



-------------------------------------------------
CS240: Lab 3. lee2173   
Mon Feb  8 21:23:14 EST 2016
-------------------------------------------------
triangle   < triangle_test1         : 3   of 3  
triangle   < triangle_test2         : 3   of 3  
triangle   < triangle_test3         : 3   of 3  
triangle   < triangle_test4         : 3   of 3  
triangle   < triangle_test5         : 3   of 3  
triangle   < triangle_test6         : 3   of 3  
triangle   < triangle_test7         : 3   of 3  
triangle   < triangle_test8         : 3   of 3  
-------------------------------------------------
CS240: Lab 3. lee2173 Mon Feb 8 21:23:14 EST 2016  Total:  24 of 24

