[master 9bbe158] Lab 2 commit
 Committer: David Lee <lee2173@data.cs.purdue.edu>
Your name and email address were configured automatically based
on your username and hostname. Please check that they are accurate.
You can suppress this message by setting them explicitly:

    git config --global user.name "Your Name"
    git config --global user.email you@example.com

After doing this, you may fix the identity used for this commit with:

    git commit --amend --reset-author

 1 file changed, 22 insertions(+), 9 deletions(-)
[master 157f83b] Lab 2 commit
 Committer: David Lee <lee2173@data.cs.purdue.edu>
Your name and email address were configured automatically based
on your username and hostname. Please check that they are accurate.
You can suppress this message by setting them explicitly:

    git config --global user.name "Your Name"
    git config --global user.email you@example.com

After doing this, you may fix the identity used for this commit with:

    git commit --amend --reset-author

 1 file changed, 1 insertion(+), 1 deletion(-)
[master 909c6f7] Lab 2 commit
 Committer: David Lee <lee2173@data.cs.purdue.edu>
Your name and email address were configured automatically based
on your username and hostname. Please check that they are accurate.
You can suppress this message by setting them explicitly:

    git config --global user.name "Your Name"
    git config --global user.email you@example.com

After doing this, you may fix the identity used for this commit with:

    git commit --amend --reset-author

 1 file changed, 5 insertions(+), 5 deletions(-)
[master 25e5e44] Lab 2 commit
 Committer: David Lee <lee2173@data.cs.purdue.edu>
Your name and email address were configured automatically based
on your username and hostname. Please check that they are accurate.
You can suppress this message by setting them explicitly:

    git config --global user.name "Your Name"
    git config --global user.email you@example.com

After doing this, you may fix the identity used for this commit with:

    git commit --amend --reset-author

 1 file changed, 1 insertion(+), 1 deletion(-)
[master e385faa] Lab 2 commit
 Committer: David Lee <lee2173@data.cs.purdue.edu>
Your name and email address were configured automatically based
on your username and hostname. Please check that they are accurate.
You can suppress this message by setting them explicitly:

    git config --global user.name "Your Name"
    git config --global user.email you@example.com

After doing this, you may fix the identity used for this commit with:

    git commit --amend --reset-author

 1 file changed, 6 insertions(+), 1 deletion(-)
[master 20a420b] Lab 2 commit
 Committer: David Lee <lee2173@data.cs.purdue.edu>
Your name and email address were configured automatically based
on your username and hostname. Please check that they are accurate.
You can suppress this message by setting them explicitly:

    git config --global user.name "Your Name"
    git config --global user.email you@example.com

After doing this, you may fix the identity used for this commit with:

    git commit --amend --reset-author

 1 file changed, 2 insertions(+), 2 deletions(-)
[master 0992eb3] Lab 2 commit
 Committer: David Lee <lee2173@data.cs.purdue.edu>
Your name and email address were configured automatically based
on your username and hostname. Please check that they are accurate.
You can suppress this message by setting them explicitly:

    git config --global user.name "Your Name"
    git config --global user.email you@example.com

After doing this, you may fix the identity used for this commit with:

    git commit --amend --reset-author

 1 file changed, 1 insertion(+), 1 deletion(-)
[master 41ced6d] Lab 2 commit
 Committer: David Lee <lee2173@data.cs.purdue.edu>
Your name and email address were configured automatically based
on your username and hostname. Please check that they are accurate.
You can suppress this message by setting them explicitly:

    git config --global user.name "Your Name"
    git config --global user.email you@example.com

After doing this, you may fix the identity used for this commit with:

    git commit --amend --reset-author

 2 files changed, 2 insertions(+), 10 deletions(-)
 delete mode 100755 pwcheck.sh
[master 308d67b] Lab 2 commit
 Committer: David Lee <lee2173@data.cs.purdue.edu>
Your name and email address were configured automatically based
on your username and hostname. Please check that they are accurate.
You can suppress this message by setting them explicitly:

    git config --global user.name "Your Name"
    git config --global user.email you@example.com

After doing this, you may fix the identity used for this commit with:

    git commit --amend --reset-author

 1 file changed, 1 insertion(+), 1 deletion(-)
[master 2a7c6a7] Lab 2 commit
 Committer: David Lee <lee2173@data.cs.purdue.edu>
Your name and email address were configured automatically based
on your username and hostname. Please check that they are accurate.
You can suppress this message by setting them explicitly:

    git config --global user.name "Your Name"
    git config --global user.email you@example.com

After doing this, you may fix the identity used for this commit with:

    git commit --amend --reset-author

 1 file changed, 1 insertion(+), 1 deletion(-)
On branch master
Your branch is up-to-date with 'origin/master'.
Untracked files:
	.local.git.out

nothing added to commit but untracked files present
On branch master
Your branch is up-to-date with 'origin/master'.
Untracked files:
	.local.git.out
	reports_dir/

nothing added to commit but untracked files present
On branch master
Your branch is up-to-date with 'origin/master'.
Untracked files:
	.local.git.out
	reports_dir/

nothing added to commit but untracked files present
On branch master
Your branch is up-to-date with 'origin/master'.
Untracked files:
	.local.git.out
	reports_dir/

nothing added to commit but untracked files present
On branch master
Your branch is up-to-date with 'origin/master'.
Untracked files:
	.local.git.out
	reports_dir/

nothing added to commit but untracked files present
On branch master
Your branch is up-to-date with 'origin/master'.
Untracked files:
	.local.git.out
	reports_dir/

nothing added to commit but untracked files present
On branch master
Your branch is up-to-date with 'origin/master'.
Untracked files:
	.local.git.out
	reports_dir/

nothing added to commit but untracked files present
