CS252: lab1. lee2173 Wed Aug 23 22:38:10 EDT 2017  Total:  5 of 100

CS252: lab1. lee2173 Thu Aug 31 23:31:04 EDT 2017  Total:  25 of 100

CS252: lab1. lee2173 Thu Aug 31 23:31:52 EDT 2017  Total:  15 of 100

CS252: lab1. lee2173 Thu Aug 31 23:33:11 EDT 2017  Total:  25 of 100

CS252: lab1. lee2173 Thu Aug 31 23:54:39 EDT 2017  Total:  25 of 100

CS252: lab1. lee2173 Thu Aug 31 23:56:25 EDT 2017  Total:  25 of 100

CS252: lab1. lee2173 Fri Sep 1 00:01:29 EDT 2017  Total:  25 of 100

CS252: lab1. lee2173 Fri Sep 1 00:20:09 EDT 2017  Total:  25 of 100

CS252: lab1. lee2173 Fri Sep 1 09:25:13 EDT 2017  Total:  25 of 100

CS252: lab1. lee2173 Fri Sep 1 09:25:44 EDT 2017  Total:  15 of 100

CS252: lab1. lee2173 Fri Sep 1 09:40:40 EDT 2017  Total:  15 of 100

CS252: lab1. lee2173 Fri Sep 1 09:54:13 EDT 2017  Total:  15 of 100

CS252: lab1. lee2173 Fri Sep 1 09:54:36 EDT 2017  Total:  15 of 100

CS252: lab1. lee2173 Fri Sep 1 10:06:50 EDT 2017  Total:  15 of 100

CS252: lab1. lee2173 Fri Sep 1 10:20:35 EDT 2017  Total:  15 of 100

CS252: lab1. lee2173 Fri Sep 1 10:34:22 EDT 2017  Total:  20 of 100

CS252: lab1. lee2173 Fri Sep 1 10:56:05 EDT 2017  Total:  30 of 100

CS252: lab1. lee2173 Sun Sep 3 21:52:41 EDT 2017  Total:  50 of 100

CS252: lab1. lee2173 Mon Sep 4 03:09:42 EDT 2017  Total:  50 of 100

CS252: lab1. lee2173 Mon Sep 4 21:38:41 EDT 2017  Total:  65 of 100

CS252: lab1. lee2173 Mon Sep 4 21:41:18 EDT 2017  Total:  65 of 100

CS252: lab1. lee2173 Mon Sep 4 21:50:56 EDT 2017  Total:  70 of 100

CS252: lab1. lee2173 Mon Sep 4 21:53:57 EDT 2017  Total:  75 of 100

CS252: lab1. lee2173 Mon Sep 4 21:57:46 EDT 2017  Total:  35 of 100

CS252: lab1. lee2173 Mon Sep 4 21:58:53 EDT 2017  Total:  75 of 100

CS252: lab1. lee2173 Mon Sep 4 22:36:58 EDT 2017  Total:  75 of 100

CS252: lab1. lee2173 Mon Sep 4 22:51:21 EDT 2017  Total:  80 of 100

CS252: lab1. lee2173 Mon Sep 4 22:52:57 EDT 2017  Total:  90 of 100

CS252: lab1. lee2173 Mon Sep 4 23:27:29 EDT 2017  Total:  90 of 100

CS252: lab1. lee2173 Mon Sep 4 23:28:11 EDT 2017  Total:  100 of 100

CS252: lab1. lee2173 Fri Sep 8 10:44:54 EDT 2017  Total:  80 of 100

CS252: lab1. lee2173 Fri Sep 8 10:45:03 EDT 2017  Total:  80 of 100

CS252: lab1. lee2173 Fri Sep 8 10:45:38 EDT 2017  Total:  80 of 100

CS252: lab1. lee2173 Fri Sep 8 10:46:18 EDT 2017  Total:  80 of 100

CS252: lab1. lee2173 Fri Sep 8 10:46:43 EDT 2017  Total:  80 of 100

CS252: lab1. lee2173 Fri Sep 8 10:48:07 EDT 2017  Total:  80 of 100

CS252: lab1. lee2173 Fri Sep 8 10:52:51 EDT 2017  Total:  80 of 100

CS252: lab1. lee2173 Fri Sep 8 10:58:54 EDT 2017  Total:  80 of 100

CS252: lab1. lee2173 Fri Sep 8 11:03:42 EDT 2017  Total:  80 of 100

CS252: lab1. lee2173 Fri Sep 8 14:04:35 EDT 2017  Total:  100 of 100

CS252: lab1. lee2173 Tue Sep 12 12:00:43 EDT 2017  Total:  100 of 100

